<?xml version="1.0" encoding="UTF-8"?>
<robot generator="Robot 5.0.1 (Python 3.9.13 on win32)" generated="20221214 19:54:10.805" rpa="true" schemaversion="3">
<suite id="s1" name="Tasks" source="c:\Users\Renato\Documents\UAGRM Virtual\II-2022\Robocorp\Test\Test\tasks.robot">
<test id="s1-t1" name="Task" line="10">
<kw name="Authorize" library="RPA.Email.ImapSmtp" type="SETUP">
<arg>account=velaryones@gmail.com</arg>
<arg>password=tvubycwiiqqludqm</arg>
<doc>Authorize user to SMTP and IMAP servers.</doc>
<msg timestamp="20221214 19:54:11.575" level="INFO">Protecting keyword: RPA.Email.ImapSmtp.Authorize</msg>
<msg timestamp="20221214 19:54:15.834" level="INFO">Log level changed from NONE to INFO.</msg>
<status status="PASS" starttime="20221214 19:54:11.575" endtime="20221214 19:54:15.834"/>
</kw>
<kw name="Example task">
<arg>https://pbs.twimg.com/media/BuEQGI8IMAAlEvb?format=jpg&amp;name=small</arg>
<arg>Descuentos Navideños</arg>
<arg>Encuentra el perfecto regalo en nuestra tienda! 🎁</arg>
<kw name="Get Email List">
<var>${recipients}</var>
<kw name="GET" library="RPA.HTTP">
<var>${response}</var>
<arg>http://localhost:5000/emails</arg>
<doc>Sends a GET request.</doc>
<msg timestamp="20221214 19:54:15.843" level="INFO">${response} = &lt;Response [200]&gt;</msg>
<status status="PASS" starttime="20221214 19:54:15.836" endtime="20221214 19:54:15.844"/>
</kw>
<kw name="Log" library="BuiltIn">
<arg>${response.json()}</arg>
<doc>Logs the given message with the given level.</doc>
<msg timestamp="20221214 19:54:15.846" level="INFO">[{'email': 'renatoalvarezdev@gmail.com', 'name': 'Paolo'}, {'email': 'renatoalvarez96@gmail.com', 'name': 'Renato'}]</msg>
<status status="PASS" starttime="20221214 19:54:15.845" endtime="20221214 19:54:15.846"/>
</kw>
<kw name="Return From Keyword" library="BuiltIn">
<arg>${response.json()}</arg>
<doc>Returns from the enclosing user keyword.</doc>
<msg timestamp="20221214 19:54:15.846" level="INFO">Returning from the enclosing user keyword.</msg>
<status status="PASS" starttime="20221214 19:54:15.846" endtime="20221214 19:54:15.847"/>
</kw>
<msg timestamp="20221214 19:54:15.848" level="INFO">${recipients} = [{'email': 'renatoalvarezdev@gmail.com', 'name': 'Paolo'}, {'email': 'renatoalvarez96@gmail.com', 'name': 'Renato'}]</msg>
<status status="PASS" starttime="20221214 19:54:15.836" endtime="20221214 19:54:15.848"/>
</kw>
<for flavor="IN">
<var>${recipient}</var>
<value>@{recipients}</value>
<iter>
<var name="${recipient}">{'email': 'renatoalvarezdev@gmail.com', 'name': 'Paolo'}</var>
<kw name="Log" library="BuiltIn">
<arg>${recipient}</arg>
<doc>Logs the given message with the given level.</doc>
<msg timestamp="20221214 19:54:15.849" level="INFO">{'email': 'renatoalvarezdev@gmail.com', 'name': 'Paolo'}</msg>
<status status="PASS" starttime="20221214 19:54:15.849" endtime="20221214 19:54:15.849"/>
</kw>
<kw name="Email Template">
<var>${body}</var>
<arg>${recipient['name']}</arg>
<arg>${image}</arg>
<arg>${title}</arg>
<arg>${payload}</arg>
<kw name="Log" library="BuiltIn">
<arg>${name}</arg>
<doc>Logs the given message with the given level.</doc>
<msg timestamp="20221214 19:54:15.851" level="INFO">Paolo</msg>
<status status="PASS" starttime="20221214 19:54:15.851" endtime="20221214 19:54:15.851"/>
</kw>
<kw name="Log" library="BuiltIn">
<arg>${image}</arg>
<doc>Logs the given message with the given level.</doc>
<msg timestamp="20221214 19:54:15.852" level="INFO">https://pbs.twimg.com/media/BuEQGI8IMAAlEvb?format=jpg&amp;name=small</msg>
<status status="PASS" starttime="20221214 19:54:15.851" endtime="20221214 19:54:15.852"/>
</kw>
<kw name="Read File" library="RPA.FileSystem">
<var>${html}</var>
<arg>template.html</arg>
<doc>Reads a file as text, with given `encoding`, and returns the content."</doc>
<msg timestamp="20221214 19:54:15.853" level="INFO">${html} = &lt;!DOCTYPE html PUBLIC "-//W3C//DTD XHTML 1.0 Transitional//EN" "http://www.w3.org/TR/xhtml1/DTD/xhtml1-transitional.dtd"&gt;
&lt;html xmlns="http://www.w3.org/1999/xhtml" xmlns:o="urn:schemas-microsoft-com:...</msg>
<status status="PASS" starttime="20221214 19:54:15.852" endtime="20221214 19:54:15.854"/>
</kw>
<kw name="Replace Variables" library="BuiltIn">
<var>${body}</var>
<arg>${html}</arg>
<doc>Replaces variables in the given text with their current values.</doc>
<msg timestamp="20221214 19:54:15.855" level="INFO">${body} = &lt;!DOCTYPE html PUBLIC "-//W3C//DTD XHTML 1.0 Transitional//EN" "http://www.w3.org/TR/xhtml1/DTD/xhtml1-transitional.dtd"&gt;
&lt;html xmlns="http://www.w3.org/1999/xhtml" xmlns:o="urn:schemas-microsoft-com:...</msg>
<status status="PASS" starttime="20221214 19:54:15.854" endtime="20221214 19:54:15.855"/>
</kw>
<kw name="Log" library="BuiltIn">
<arg>${body}</arg>
<doc>Logs the given message with the given level.</doc>
<msg timestamp="20221214 19:54:15.855" level="INFO">&lt;!DOCTYPE html PUBLIC "-//W3C//DTD XHTML 1.0 Transitional//EN" "http://www.w3.org/TR/xhtml1/DTD/xhtml1-transitional.dtd"&gt;
&lt;html xmlns="http://www.w3.org/1999/xhtml" xmlns:o="urn:schemas-microsoft-com:office:office" style="font-family:arial, 'helvetica neue', helvetica, sans-serif"&gt;
 &lt;head&gt;
  &lt;meta charset="UTF-8"&gt;
  &lt;meta content="width=device-width, initial-scale=1" name="viewport"&gt;
  &lt;meta name="x-apple-disable-message-reformatting"&gt;
  &lt;meta http-equiv="X-UA-Compatible" content="IE=edge"&gt;
  &lt;meta content="telephone=no" name="format-detection"&gt;
  &lt;title&gt;Nuevo mensaje&lt;/title&gt;&lt;!--[if (mso 16)]&gt;
    &lt;style type="text/css"&gt;
    a {text-decoration: none;}
    &lt;/style&gt;
    &lt;![endif]--&gt;&lt;!--[if gte mso 9]&gt;&lt;style&gt;sup { font-size: 100% !important; }&lt;/style&gt;&lt;![endif]--&gt;&lt;!--[if gte mso 9]&gt;
&lt;xml&gt;
    &lt;o:OfficeDocumentSettings&gt;
    &lt;o:AllowPNG&gt;&lt;/o:AllowPNG&gt;
    &lt;o:PixelsPerInch&gt;96&lt;/o:PixelsPerInch&gt;
    &lt;/o:OfficeDocumentSettings&gt;
&lt;/xml&gt;
&lt;![endif]--&gt;&lt;!--[if !mso]&gt;&lt;!-- --&gt;
  &lt;link href="https://fonts.googleapis.com/css2?family=Montserrat:wght@400;700&amp;display=swap" rel="stylesheet"&gt;&lt;!--&lt;![endif]--&gt;
  &lt;style type="text/css"&gt;
#outlook a {
	padding:0;
}
.es-button {
	mso-style-priority:100!important;
	text-decoration:none!important;
}
a[x-apple-data-detectors] {
	color:inherit!important;
	text-decoration:none!important;
	font-size:inherit!important;
	font-family:inherit!important;
	font-weight:inherit!important;
	line-height:inherit!important;
}
.es-desk-hidden {
	display:none;
	float:left;
	overflow:hidden;
	width:0;
	max-height:0;
	line-height:0;
	mso-hide:all;
}
[data-ogsb] .es-button {
	border-width:0!important;
	padding:10px 30px 10px 30px!important;
}
[data-ogsb] .es-button.es-button-1 {
	padding:10px 40px!important;
}
@media only screen and (max-width:600px) {p, ul li, ol li, a { line-height:150%!important } h1, h2, h3, h1 a, h2 a, h3 a { line-height:120% } h1 { font-size:30px!important; text-align:center } h2 { font-size:24px!important; text-align:center } h3 { font-size:20px!important; text-align:center } .es-header-body h1 a, .es-content-body h1 a, .es-footer-body h1 a { font-size:30px!important; text-align:center } .es-header-body h2 a, .es-content-body h2 a, .es-footer-body h2 a { font-size:24px!important; text-align:center } .es-header-body h3 a, .es-content-body h3 a, .es-footer-body h3 a { font-size:20px!important; text-align:center } .es-menu td a { font-size:12px!important } .es-header-body p, .es-header-body ul li, .es-header-body ol li, .es-header-body a { font-size:14px!important } .es-content-body p, .es-content-body ul li, .es-content-body ol li, .es-content-body a { font-size:14px!important } .es-footer-body p, .es-footer-body ul li, .es-footer-body ol li, .es-footer-body a { font-size:12px!important } .es-infoblock p, .es-infoblock ul li, .es-infoblock ol li, .es-infoblock a { font-size:12px!important } *[class="gmail-fix"] { display:none!important } .es-m-txt-c, .es-m-txt-c h1, .es-m-txt-c h2, .es-m-txt-c h3 { text-align:center!important } .es-m-txt-r, .es-m-txt-r h1, .es-m-txt-r h2, .es-m-txt-r h3 { text-align:right!important } .es-m-txt-l, .es-m-txt-l h1, .es-m-txt-l h2, .es-m-txt-l h3 { text-align:left!important } .es-m-txt-r img, .es-m-txt-c img, .es-m-txt-l img { display:inline!important } .es-button-border { display:inline-block!important } a.es-button, button.es-button { font-size:18px!important; display:inline-block!important } .es-adaptive table, .es-left, .es-right { width:100%!important } .es-content table, .es-header table, .es-footer table, .es-content, .es-footer, .es-header { width:100%!important; max-width:600px!important } .es-adapt-td { display:block!important; width:100%!important } .adapt-img { width:100%!important; height:auto!important } .es-m-p0 { padding:0!important } .es-m-p0r { padding-right:0!important } .es-m-p0l { padding-left:0!important } .es-m-p0t { padding-top:0!important } .es-m-p0b { padding-bottom:0!important } .es-m-p20b { padding-bottom:20px!important } .es-mobile-hidden, .es-hidden { display:none!important } tr.es-desk-hidden, td.es-desk-hidden, table.es-desk-hidden { width:auto!important; overflow:visible!important; float:none!important; max-height:inherit!important; line-height:inherit!important } tr.es-desk-hidden { display:table-row!important } table.es-desk-hidden { display:table!important } td.es-desk-menu-hidden { display:table-cell!important } .es-menu td { width:1%!important } table.es-table-not-adapt, .esd-block-html table { width:auto!important } table.es-social { display:inline-block!important } table.es-social td { display:inline-block!important } .es-desk-hidden { display:table-row!important; width:auto!important; overflow:visible!important; max-height:inherit!important } .es-m-p5 { padding:5px!important } .es-m-p5t { padding-top:5px!important } .es-m-p5b { padding-bottom:5px!important } .es-m-p5r { padding-right:5px!important } .es-m-p5l { padding-left:5px!important } .es-m-p10 { padding:10px!important } .es-m-p10t { padding-top:10px!important } .es-m-p10b { padding-bottom:10px!important } .es-m-p10r { padding-right:10px!important } .es-m-p10l { padding-left:10px!important } .es-m-p15 { padding:15px!important } .es-m-p15t { padding-top:15px!important } .es-m-p15b { padding-bottom:15px!important } .es-m-p15r { padding-right:15px!important } .es-m-p15l { padding-left:15px!important } .es-m-p20 { padding:20px!important } .es-m-p20t { padding-top:20px!important } .es-m-p20r { padding-right:20px!important } .es-m-p20l { padding-left:20px!important } .es-m-p25 { padding:25px!important } .es-m-p25t { padding-top:25px!important } .es-m-p25b { padding-bottom:25px!important } .es-m-p25r { padding-right:25px!important } .es-m-p25l { padding-left:25px!important } .es-m-p30 { padding:30px!important } .es-m-p30t { padding-top:30px!important } .es-m-p30b { padding-bottom:30px!important } .es-m-p30r { padding-right:30px!important } .es-m-p30l { padding-left:30px!important } .es-m-p35 { padding:35px!important } .es-m-p35t { padding-top:35px!important } .es-m-p35b { padding-bottom:35px!important } .es-m-p35r { padding-right:35px!important } .es-m-p35l { padding-left:35px!important } .es-m-p40 { padding:40px!important } .es-m-p40t { padding-top:40px!important } .es-m-p40b { padding-bottom:40px!important } .es-m-p40r { padding-right:40px!important } .es-m-p40l { padding-left:40px!important } }
&lt;/style&gt;
 &lt;/head&gt;
 &lt;body style="width:100%;font-family:arial, 'helvetica neue', helvetica, sans-serif;-webkit-text-size-adjust:100%;-ms-text-size-adjust:100%;padding:0;Margin:0"&gt;
  &lt;div class="es-wrapper-color" style="background-color:#091520"&gt;&lt;!--[if gte mso 9]&gt;
			&lt;v:background xmlns:v="urn:schemas-microsoft-com:vml" fill="t"&gt;
				&lt;v:fill type="tile" color="#091520"&gt;&lt;/v:fill&gt;
			&lt;/v:background&gt;
		&lt;![endif]--&gt;
   &lt;table class="es-wrapper" width="100%" cellspacing="0" cellpadding="0" style="mso-table-lspace:0pt;mso-table-rspace:0pt;border-collapse:collapse;border-spacing:0px;padding:0;Margin:0;width:100%;height:100%;background-repeat:repeat;background-position:center top;background-color:#091520"&gt;
     &lt;tr&gt;
      &lt;td valign="top" style="padding:0;Margin:0"&gt;
       &lt;table cellpadding="0" cellspacing="0" class="es-header" align="center" style="mso-table-lspace:0pt;mso-table-rspace:0pt;border-collapse:collapse;border-spacing:0px;table-layout:fixed !important;width:100%;background-color:transparent;background-repeat:repeat;background-position:center top"&gt;
         &lt;tr&gt;
          &lt;td align="center" style="padding:0;Margin:0"&gt;
           &lt;table bgcolor="#ffffff" class="es-header-body" align="center" cellpadding="0" cellspacing="0" style="mso-table-lspace:0pt;mso-table-rspace:0pt;border-collapse:collapse;border-spacing:0px;background-color:transparent;width:600px"&gt;
             &lt;tr&gt;
              &lt;td align="left" style="padding:20px;Margin:0"&gt;
               &lt;table cellpadding="0" cellspacing="0" width="100%" style="mso-table-lspace:0pt;mso-table-rspace:0pt;border-collapse:collapse;border-spacing:0px"&gt;
                 &lt;tr&gt;
                  &lt;td class="es-m-p0r" valign="top" align="center" style="padding:0;Margin:0;width:560px"&gt;
                   &lt;table cellpadding="0" cellspacing="0" width="100%" role="presentation" style="mso-table-lspace:0pt;mso-table-rspace:0pt;border-collapse:collapse;border-spacing:0px"&gt;
                     &lt;tr&gt;
                      &lt;td align="center" class="es-m-txt-c" style="padding:0;Margin:0;font-size:0px"&gt;&lt;a target="_blank" href="https://viewstripo.email" style="-webkit-text-size-adjust:none;-ms-text-size-adjust:none;mso-line-height-rule:exactly;text-decoration:underline;color:#FFFFFF;font-size:12px"&gt;&lt;img src="https://zupfec.stripocdn.email/content/guids/CABINET_b581c9945fe2e4514a94e313baf823d7/images/group_202.png" alt="Logo" style="display:block;border:0;outline:none;text-decoration:none;-ms-interpolation-mode:bicubic" title="Logo" height="40"&gt;&lt;/a&gt;&lt;/td&gt;
                     &lt;/tr&gt;
                   &lt;/table&gt;&lt;/td&gt;
                 &lt;/tr&gt;
               &lt;/table&gt;&lt;/td&gt;
             &lt;/tr&gt;
           &lt;/table&gt;&lt;/td&gt;
         &lt;/tr&gt;
       &lt;/table&gt;
       &lt;table cellpadding="0" cellspacing="0" class="es-content" align="center" style="mso-table-lspace:0pt;mso-table-rspace:0pt;border-collapse:collapse;border-spacing:0px;table-layout:fixed !important;width:100%"&gt;
         &lt;tr&gt;
          &lt;td align="center" style="padding:0;Margin:0"&gt;
           &lt;table bgcolor="#ffffff" class="es-content-body" align="center" cellpadding="0" cellspacing="0" style="mso-table-lspace:0pt;mso-table-rspace:0pt;border-collapse:collapse;border-spacing:0px;background-color:#FFFFFF;border-radius:50px 50px 0 0;width:600px"&gt;
             &lt;tr&gt;
              &lt;td align="left" style="padding:0;Margin:0"&gt;
               &lt;table cellpadding="0" cellspacing="0" width="100%" style="mso-table-lspace:0pt;mso-table-rspace:0pt;border-collapse:collapse;border-spacing:0px"&gt;
                 &lt;tr&gt;
                  &lt;td align="center" valign="top" style="padding:0;Margin:0;width:600px"&gt;
                   &lt;table cellpadding="0" cellspacing="0" width="100%" role="presentation" style="mso-table-lspace:0pt;mso-table-rspace:0pt;border-collapse:collapse;border-spacing:0px"&gt;
                     &lt;tr&gt;
                      &lt;td align="center" style="padding:0;Margin:0"&gt;&lt;img class="adapt-img" alt width="226" src="https://cdt-timer.stripocdn.email/api/v1/images/8XHrSUmhja3kTweG-Rw-Ggg_uOBH9uIB6MSivehzjlw?l=1670963022264" style="display:block;border:0;outline:none;text-decoration:none;-ms-interpolation-mode:bicubic"&gt;&lt;/td&gt;
                     &lt;/tr&gt;
                     &lt;tr&gt;
                      &lt;td align="center" style="padding:0;Margin:0;font-size:0px"&gt;&lt;img class="adapt-img" src="https://zupfec.stripocdn.email/content/guids/CABINET_8e995d9def7e395b182456d0411f5cc2/images/diseno_sin_titulo_2.png" alt style="display:block;border:0;outline:none;text-decoration:none;-ms-interpolation-mode:bicubic" width="600"&gt;&lt;/td&gt;
                     &lt;/tr&gt;
                     &lt;tr&gt;
                      &lt;td align="center" class="es-m-p20r es-m-p20l" style="padding:0;Margin:0;padding-top:10px"&gt;&lt;h1 style="Margin:0;line-height:48px;mso-line-height-rule:exactly;font-family:Montserrat, helvetica, arial, sans-serif;font-size:40px;font-style:normal;font-weight:normal;color:#081D36"&gt;&lt;strong&gt;Descuentos Navideños!&lt;/strong&gt;&lt;/h1&gt;&lt;/td&gt;
                     &lt;/tr&gt;
                     &lt;tr&gt;
                      &lt;td align="center" class="es-m-p20r es-m-p20l" style="padding:0;Margin:0;padding-bottom:10px;padding-top:20px"&gt;&lt;p style="Margin:0;-webkit-text-size-adjust:none;-ms-text-size-adjust:none;mso-line-height-rule:exactly;font-family:arial, 'helvetica neue', helvetica, sans-serif;line-height:27px;color:#081D36;font-size:18px"&gt;Hola Paolo! Encuentra el perfecto regalo &lt;br&gt;en nuestra tienda! 🎁&lt;/p&gt;&lt;/td&gt;
                     &lt;/tr&gt;
                   &lt;/table&gt;&lt;/td&gt;
                 &lt;/tr&gt;
               &lt;/table&gt;&lt;/td&gt;
             &lt;/tr&gt;
           &lt;/table&gt;&lt;/td&gt;
         &lt;/tr&gt;
       &lt;/table&gt;
       &lt;table cellpadding="0" cellspacing="0" class="es-content" align="center" style="mso-table-lspace:0pt;mso-table-rspace:0pt;border-collapse:collapse;border-spacing:0px;table-layout:fixed !important;width:100%"&gt;
         &lt;tr&gt;
          &lt;td align="center" style="padding:0;Margin:0"&gt;
           &lt;table bgcolor="#ffffff" class="es-content-body" align="center" cellpadding="0" cellspacing="0" style="mso-table-lspace:0pt;mso-table-rspace:0pt;border-collapse:collapse;border-spacing:0px;background-color:#ffffff;width:600px"&gt;
             &lt;tr&gt;
              &lt;td align="left" style="Margin:0;padding-left:20px;padding-right:20px;padding-top:30px;padding-bottom:40px"&gt;
               &lt;table cellpadding="0" cellspacing="0" width="100%" style="mso-table-lspace:0pt;mso-table-rspace:0pt;border-collapse:collapse;border-spacing:0px"&gt;
                 &lt;tr&gt;
                  &lt;td align="center" valign="top" style="padding:0;Margin:0;width:560px"&gt;
                   &lt;table cellpadding="0" cellspacing="0" width="100%" role="presentation" style="mso-table-lspace:0pt;mso-table-rspace:0pt;border-collapse:collapse;border-spacing:0px"&gt;
                     &lt;tr&gt;
                      &lt;td align="center" style="padding:0;Margin:0;font-size:0px"&gt;&lt;img class="adapt-img" src="https://pbs.twimg.com/media/BuEQGI8IMAAlEvb?format=jpg&amp;name=small" alt style="display:block;border:0;outline:none;text-decoration:none;-ms-interpolation-mode:bicubic" width="560"&gt;&lt;/td&gt;
                     &lt;/tr&gt;
                   &lt;/table&gt;&lt;/td&gt;
                 &lt;/tr&gt;
               &lt;/table&gt;&lt;/td&gt;
             &lt;/tr&gt;
           &lt;/table&gt;&lt;/td&gt;
         &lt;/tr&gt;
       &lt;/table&gt;
       &lt;table cellpadding="0" cellspacing="0" class="es-content" align="center" style="mso-table-lspace:0pt;mso-table-rspace:0pt;border-collapse:collapse;border-spacing:0px;table-layout:fixed !important;width:100%"&gt;
         &lt;tr&gt;
          &lt;td class="es-info-area" align="center" style="padding:0;Margin:0"&gt;
           &lt;table class="es-content-body" align="center" cellpadding="0" cellspacing="0" style="mso-table-lspace:0pt;mso-table-rspace:0pt;border-collapse:collapse;border-spacing:0px;background-color:transparent;width:600px" bgcolor="#ffffff"&gt;
             &lt;tr&gt;
              &lt;td align="left" style="Margin:0;padding-left:20px;padding-right:20px;padding-top:30px;padding-bottom:30px"&gt;
               &lt;table cellpadding="0" cellspacing="0" width="100%" style="mso-table-lspace:0pt;mso-table-rspace:0pt;border-collapse:collapse;border-spacing:0px"&gt;
                 &lt;tr&gt;
                  &lt;td align="left" style="padding:0;Margin:0;width:560px"&gt;
                   &lt;table cellpadding="0" cellspacing="0" width="100%" style="mso-table-lspace:0pt;mso-table-rspace:0pt;border-collapse:collapse;border-spacing:0px"&gt;
                     &lt;tr&gt;
                      &lt;td align="center" style="padding:0;Margin:0;display:none"&gt;&lt;/td&gt;
                     &lt;/tr&gt;
                   &lt;/table&gt;&lt;/td&gt;
                 &lt;/tr&gt;
               &lt;/table&gt;&lt;/td&gt;
             &lt;/tr&gt;
           &lt;/table&gt;&lt;/td&gt;
         &lt;/tr&gt;
       &lt;/table&gt;&lt;/td&gt;
     &lt;/tr&gt;
   &lt;/table&gt;
  &lt;/div&gt;
 &lt;/body&gt;
&lt;/html&gt;</msg>
<status status="PASS" starttime="20221214 19:54:15.855" endtime="20221214 19:54:15.856"/>
</kw>
<kw name="Return From Keyword" library="BuiltIn">
<arg>${body}</arg>
<doc>Returns from the enclosing user keyword.</doc>
<msg timestamp="20221214 19:54:15.857" level="INFO">Returning from the enclosing user keyword.</msg>
<status status="PASS" starttime="20221214 19:54:15.856" endtime="20221214 19:54:15.857"/>
</kw>
<msg timestamp="20221214 19:54:15.857" level="INFO">${body} = &lt;!DOCTYPE html PUBLIC "-//W3C//DTD XHTML 1.0 Transitional//EN" "http://www.w3.org/TR/xhtml1/DTD/xhtml1-transitional.dtd"&gt;
&lt;html xmlns="http://www.w3.org/1999/xhtml" xmlns:o="urn:schemas-microsoft-com:...</msg>
<status status="PASS" starttime="20221214 19:54:15.850" endtime="20221214 19:54:15.857"/>
</kw>
<kw name="Send Message" library="RPA.Email.ImapSmtp">
<arg>sender=velaryones@gmail.com</arg>
<arg>html=True</arg>
<arg>recipients=${recipient['email']}</arg>
<arg>subject=${title}</arg>
<arg>body=${body}</arg>
<doc>Send SMTP email</doc>
<status status="PASS" starttime="20221214 19:54:15.858" endtime="20221214 19:54:17.391"/>
</kw>
<status status="PASS" starttime="20221214 19:54:15.849" endtime="20221214 19:54:17.391"/>
</iter>
<iter>
<var name="${recipient}">{'email': 'renatoalvarez96@gmail.com', 'name': 'Renato'}</var>
<kw name="Log" library="BuiltIn">
<arg>${recipient}</arg>
<doc>Logs the given message with the given level.</doc>
<msg timestamp="20221214 19:54:17.392" level="INFO">{'email': 'renatoalvarez96@gmail.com', 'name': 'Renato'}</msg>
<status status="PASS" starttime="20221214 19:54:17.392" endtime="20221214 19:54:17.392"/>
</kw>
<kw name="Email Template">
<var>${body}</var>
<arg>${recipient['name']}</arg>
<arg>${image}</arg>
<arg>${title}</arg>
<arg>${payload}</arg>
<kw name="Log" library="BuiltIn">
<arg>${name}</arg>
<doc>Logs the given message with the given level.</doc>
<msg timestamp="20221214 19:54:17.393" level="INFO">Renato</msg>
<status status="PASS" starttime="20221214 19:54:17.393" endtime="20221214 19:54:17.394"/>
</kw>
<kw name="Log" library="BuiltIn">
<arg>${image}</arg>
<doc>Logs the given message with the given level.</doc>
<msg timestamp="20221214 19:54:17.394" level="INFO">https://pbs.twimg.com/media/BuEQGI8IMAAlEvb?format=jpg&amp;name=small</msg>
<status status="PASS" starttime="20221214 19:54:17.394" endtime="20221214 19:54:17.394"/>
</kw>
<kw name="Read File" library="RPA.FileSystem">
<var>${html}</var>
<arg>template.html</arg>
<doc>Reads a file as text, with given `encoding`, and returns the content."</doc>
<msg timestamp="20221214 19:54:17.395" level="INFO">${html} = &lt;!DOCTYPE html PUBLIC "-//W3C//DTD XHTML 1.0 Transitional//EN" "http://www.w3.org/TR/xhtml1/DTD/xhtml1-transitional.dtd"&gt;
&lt;html xmlns="http://www.w3.org/1999/xhtml" xmlns:o="urn:schemas-microsoft-com:...</msg>
<status status="PASS" starttime="20221214 19:54:17.394" endtime="20221214 19:54:17.395"/>
</kw>
<kw name="Replace Variables" library="BuiltIn">
<var>${body}</var>
<arg>${html}</arg>
<doc>Replaces variables in the given text with their current values.</doc>
<msg timestamp="20221214 19:54:17.396" level="INFO">${body} = &lt;!DOCTYPE html PUBLIC "-//W3C//DTD XHTML 1.0 Transitional//EN" "http://www.w3.org/TR/xhtml1/DTD/xhtml1-transitional.dtd"&gt;
&lt;html xmlns="http://www.w3.org/1999/xhtml" xmlns:o="urn:schemas-microsoft-com:...</msg>
<status status="PASS" starttime="20221214 19:54:17.395" endtime="20221214 19:54:17.396"/>
</kw>
<kw name="Log" library="BuiltIn">
<arg>${body}</arg>
<doc>Logs the given message with the given level.</doc>
<msg timestamp="20221214 19:54:17.397" level="INFO">&lt;!DOCTYPE html PUBLIC "-//W3C//DTD XHTML 1.0 Transitional//EN" "http://www.w3.org/TR/xhtml1/DTD/xhtml1-transitional.dtd"&gt;
&lt;html xmlns="http://www.w3.org/1999/xhtml" xmlns:o="urn:schemas-microsoft-com:office:office" style="font-family:arial, 'helvetica neue', helvetica, sans-serif"&gt;
 &lt;head&gt;
  &lt;meta charset="UTF-8"&gt;
  &lt;meta content="width=device-width, initial-scale=1" name="viewport"&gt;
  &lt;meta name="x-apple-disable-message-reformatting"&gt;
  &lt;meta http-equiv="X-UA-Compatible" content="IE=edge"&gt;
  &lt;meta content="telephone=no" name="format-detection"&gt;
  &lt;title&gt;Nuevo mensaje&lt;/title&gt;&lt;!--[if (mso 16)]&gt;
    &lt;style type="text/css"&gt;
    a {text-decoration: none;}
    &lt;/style&gt;
    &lt;![endif]--&gt;&lt;!--[if gte mso 9]&gt;&lt;style&gt;sup { font-size: 100% !important; }&lt;/style&gt;&lt;![endif]--&gt;&lt;!--[if gte mso 9]&gt;
&lt;xml&gt;
    &lt;o:OfficeDocumentSettings&gt;
    &lt;o:AllowPNG&gt;&lt;/o:AllowPNG&gt;
    &lt;o:PixelsPerInch&gt;96&lt;/o:PixelsPerInch&gt;
    &lt;/o:OfficeDocumentSettings&gt;
&lt;/xml&gt;
&lt;![endif]--&gt;&lt;!--[if !mso]&gt;&lt;!-- --&gt;
  &lt;link href="https://fonts.googleapis.com/css2?family=Montserrat:wght@400;700&amp;display=swap" rel="stylesheet"&gt;&lt;!--&lt;![endif]--&gt;
  &lt;style type="text/css"&gt;
#outlook a {
	padding:0;
}
.es-button {
	mso-style-priority:100!important;
	text-decoration:none!important;
}
a[x-apple-data-detectors] {
	color:inherit!important;
	text-decoration:none!important;
	font-size:inherit!important;
	font-family:inherit!important;
	font-weight:inherit!important;
	line-height:inherit!important;
}
.es-desk-hidden {
	display:none;
	float:left;
	overflow:hidden;
	width:0;
	max-height:0;
	line-height:0;
	mso-hide:all;
}
[data-ogsb] .es-button {
	border-width:0!important;
	padding:10px 30px 10px 30px!important;
}
[data-ogsb] .es-button.es-button-1 {
	padding:10px 40px!important;
}
@media only screen and (max-width:600px) {p, ul li, ol li, a { line-height:150%!important } h1, h2, h3, h1 a, h2 a, h3 a { line-height:120% } h1 { font-size:30px!important; text-align:center } h2 { font-size:24px!important; text-align:center } h3 { font-size:20px!important; text-align:center } .es-header-body h1 a, .es-content-body h1 a, .es-footer-body h1 a { font-size:30px!important; text-align:center } .es-header-body h2 a, .es-content-body h2 a, .es-footer-body h2 a { font-size:24px!important; text-align:center } .es-header-body h3 a, .es-content-body h3 a, .es-footer-body h3 a { font-size:20px!important; text-align:center } .es-menu td a { font-size:12px!important } .es-header-body p, .es-header-body ul li, .es-header-body ol li, .es-header-body a { font-size:14px!important } .es-content-body p, .es-content-body ul li, .es-content-body ol li, .es-content-body a { font-size:14px!important } .es-footer-body p, .es-footer-body ul li, .es-footer-body ol li, .es-footer-body a { font-size:12px!important } .es-infoblock p, .es-infoblock ul li, .es-infoblock ol li, .es-infoblock a { font-size:12px!important } *[class="gmail-fix"] { display:none!important } .es-m-txt-c, .es-m-txt-c h1, .es-m-txt-c h2, .es-m-txt-c h3 { text-align:center!important } .es-m-txt-r, .es-m-txt-r h1, .es-m-txt-r h2, .es-m-txt-r h3 { text-align:right!important } .es-m-txt-l, .es-m-txt-l h1, .es-m-txt-l h2, .es-m-txt-l h3 { text-align:left!important } .es-m-txt-r img, .es-m-txt-c img, .es-m-txt-l img { display:inline!important } .es-button-border { display:inline-block!important } a.es-button, button.es-button { font-size:18px!important; display:inline-block!important } .es-adaptive table, .es-left, .es-right { width:100%!important } .es-content table, .es-header table, .es-footer table, .es-content, .es-footer, .es-header { width:100%!important; max-width:600px!important } .es-adapt-td { display:block!important; width:100%!important } .adapt-img { width:100%!important; height:auto!important } .es-m-p0 { padding:0!important } .es-m-p0r { padding-right:0!important } .es-m-p0l { padding-left:0!important } .es-m-p0t { padding-top:0!important } .es-m-p0b { padding-bottom:0!important } .es-m-p20b { padding-bottom:20px!important } .es-mobile-hidden, .es-hidden { display:none!important } tr.es-desk-hidden, td.es-desk-hidden, table.es-desk-hidden { width:auto!important; overflow:visible!important; float:none!important; max-height:inherit!important; line-height:inherit!important } tr.es-desk-hidden { display:table-row!important } table.es-desk-hidden { display:table!important } td.es-desk-menu-hidden { display:table-cell!important } .es-menu td { width:1%!important } table.es-table-not-adapt, .esd-block-html table { width:auto!important } table.es-social { display:inline-block!important } table.es-social td { display:inline-block!important } .es-desk-hidden { display:table-row!important; width:auto!important; overflow:visible!important; max-height:inherit!important } .es-m-p5 { padding:5px!important } .es-m-p5t { padding-top:5px!important } .es-m-p5b { padding-bottom:5px!important } .es-m-p5r { padding-right:5px!important } .es-m-p5l { padding-left:5px!important } .es-m-p10 { padding:10px!important } .es-m-p10t { padding-top:10px!important } .es-m-p10b { padding-bottom:10px!important } .es-m-p10r { padding-right:10px!important } .es-m-p10l { padding-left:10px!important } .es-m-p15 { padding:15px!important } .es-m-p15t { padding-top:15px!important } .es-m-p15b { padding-bottom:15px!important } .es-m-p15r { padding-right:15px!important } .es-m-p15l { padding-left:15px!important } .es-m-p20 { padding:20px!important } .es-m-p20t { padding-top:20px!important } .es-m-p20r { padding-right:20px!important } .es-m-p20l { padding-left:20px!important } .es-m-p25 { padding:25px!important } .es-m-p25t { padding-top:25px!important } .es-m-p25b { padding-bottom:25px!important } .es-m-p25r { padding-right:25px!important } .es-m-p25l { padding-left:25px!important } .es-m-p30 { padding:30px!important } .es-m-p30t { padding-top:30px!important } .es-m-p30b { padding-bottom:30px!important } .es-m-p30r { padding-right:30px!important } .es-m-p30l { padding-left:30px!important } .es-m-p35 { padding:35px!important } .es-m-p35t { padding-top:35px!important } .es-m-p35b { padding-bottom:35px!important } .es-m-p35r { padding-right:35px!important } .es-m-p35l { padding-left:35px!important } .es-m-p40 { padding:40px!important } .es-m-p40t { padding-top:40px!important } .es-m-p40b { padding-bottom:40px!important } .es-m-p40r { padding-right:40px!important } .es-m-p40l { padding-left:40px!important } }
&lt;/style&gt;
 &lt;/head&gt;
 &lt;body style="width:100%;font-family:arial, 'helvetica neue', helvetica, sans-serif;-webkit-text-size-adjust:100%;-ms-text-size-adjust:100%;padding:0;Margin:0"&gt;
  &lt;div class="es-wrapper-color" style="background-color:#091520"&gt;&lt;!--[if gte mso 9]&gt;
			&lt;v:background xmlns:v="urn:schemas-microsoft-com:vml" fill="t"&gt;
				&lt;v:fill type="tile" color="#091520"&gt;&lt;/v:fill&gt;
			&lt;/v:background&gt;
		&lt;![endif]--&gt;
   &lt;table class="es-wrapper" width="100%" cellspacing="0" cellpadding="0" style="mso-table-lspace:0pt;mso-table-rspace:0pt;border-collapse:collapse;border-spacing:0px;padding:0;Margin:0;width:100%;height:100%;background-repeat:repeat;background-position:center top;background-color:#091520"&gt;
     &lt;tr&gt;
      &lt;td valign="top" style="padding:0;Margin:0"&gt;
       &lt;table cellpadding="0" cellspacing="0" class="es-header" align="center" style="mso-table-lspace:0pt;mso-table-rspace:0pt;border-collapse:collapse;border-spacing:0px;table-layout:fixed !important;width:100%;background-color:transparent;background-repeat:repeat;background-position:center top"&gt;
         &lt;tr&gt;
          &lt;td align="center" style="padding:0;Margin:0"&gt;
           &lt;table bgcolor="#ffffff" class="es-header-body" align="center" cellpadding="0" cellspacing="0" style="mso-table-lspace:0pt;mso-table-rspace:0pt;border-collapse:collapse;border-spacing:0px;background-color:transparent;width:600px"&gt;
             &lt;tr&gt;
              &lt;td align="left" style="padding:20px;Margin:0"&gt;
               &lt;table cellpadding="0" cellspacing="0" width="100%" style="mso-table-lspace:0pt;mso-table-rspace:0pt;border-collapse:collapse;border-spacing:0px"&gt;
                 &lt;tr&gt;
                  &lt;td class="es-m-p0r" valign="top" align="center" style="padding:0;Margin:0;width:560px"&gt;
                   &lt;table cellpadding="0" cellspacing="0" width="100%" role="presentation" style="mso-table-lspace:0pt;mso-table-rspace:0pt;border-collapse:collapse;border-spacing:0px"&gt;
                     &lt;tr&gt;
                      &lt;td align="center" class="es-m-txt-c" style="padding:0;Margin:0;font-size:0px"&gt;&lt;a target="_blank" href="https://viewstripo.email" style="-webkit-text-size-adjust:none;-ms-text-size-adjust:none;mso-line-height-rule:exactly;text-decoration:underline;color:#FFFFFF;font-size:12px"&gt;&lt;img src="https://zupfec.stripocdn.email/content/guids/CABINET_b581c9945fe2e4514a94e313baf823d7/images/group_202.png" alt="Logo" style="display:block;border:0;outline:none;text-decoration:none;-ms-interpolation-mode:bicubic" title="Logo" height="40"&gt;&lt;/a&gt;&lt;/td&gt;
                     &lt;/tr&gt;
                   &lt;/table&gt;&lt;/td&gt;
                 &lt;/tr&gt;
               &lt;/table&gt;&lt;/td&gt;
             &lt;/tr&gt;
           &lt;/table&gt;&lt;/td&gt;
         &lt;/tr&gt;
       &lt;/table&gt;
       &lt;table cellpadding="0" cellspacing="0" class="es-content" align="center" style="mso-table-lspace:0pt;mso-table-rspace:0pt;border-collapse:collapse;border-spacing:0px;table-layout:fixed !important;width:100%"&gt;
         &lt;tr&gt;
          &lt;td align="center" style="padding:0;Margin:0"&gt;
           &lt;table bgcolor="#ffffff" class="es-content-body" align="center" cellpadding="0" cellspacing="0" style="mso-table-lspace:0pt;mso-table-rspace:0pt;border-collapse:collapse;border-spacing:0px;background-color:#FFFFFF;border-radius:50px 50px 0 0;width:600px"&gt;
             &lt;tr&gt;
              &lt;td align="left" style="padding:0;Margin:0"&gt;
               &lt;table cellpadding="0" cellspacing="0" width="100%" style="mso-table-lspace:0pt;mso-table-rspace:0pt;border-collapse:collapse;border-spacing:0px"&gt;
                 &lt;tr&gt;
                  &lt;td align="center" valign="top" style="padding:0;Margin:0;width:600px"&gt;
                   &lt;table cellpadding="0" cellspacing="0" width="100%" role="presentation" style="mso-table-lspace:0pt;mso-table-rspace:0pt;border-collapse:collapse;border-spacing:0px"&gt;
                     &lt;tr&gt;
                      &lt;td align="center" style="padding:0;Margin:0"&gt;&lt;img class="adapt-img" alt width="226" src="https://cdt-timer.stripocdn.email/api/v1/images/8XHrSUmhja3kTweG-Rw-Ggg_uOBH9uIB6MSivehzjlw?l=1670963022264" style="display:block;border:0;outline:none;text-decoration:none;-ms-interpolation-mode:bicubic"&gt;&lt;/td&gt;
                     &lt;/tr&gt;
                     &lt;tr&gt;
                      &lt;td align="center" style="padding:0;Margin:0;font-size:0px"&gt;&lt;img class="adapt-img" src="https://zupfec.stripocdn.email/content/guids/CABINET_8e995d9def7e395b182456d0411f5cc2/images/diseno_sin_titulo_2.png" alt style="display:block;border:0;outline:none;text-decoration:none;-ms-interpolation-mode:bicubic" width="600"&gt;&lt;/td&gt;
                     &lt;/tr&gt;
                     &lt;tr&gt;
                      &lt;td align="center" class="es-m-p20r es-m-p20l" style="padding:0;Margin:0;padding-top:10px"&gt;&lt;h1 style="Margin:0;line-height:48px;mso-line-height-rule:exactly;font-family:Montserrat, helvetica, arial, sans-serif;font-size:40px;font-style:normal;font-weight:normal;color:#081D36"&gt;&lt;strong&gt;Descuentos Navideños!&lt;/strong&gt;&lt;/h1&gt;&lt;/td&gt;
                     &lt;/tr&gt;
                     &lt;tr&gt;
                      &lt;td align="center" class="es-m-p20r es-m-p20l" style="padding:0;Margin:0;padding-bottom:10px;padding-top:20px"&gt;&lt;p style="Margin:0;-webkit-text-size-adjust:none;-ms-text-size-adjust:none;mso-line-height-rule:exactly;font-family:arial, 'helvetica neue', helvetica, sans-serif;line-height:27px;color:#081D36;font-size:18px"&gt;Hola Renato! Encuentra el perfecto regalo &lt;br&gt;en nuestra tienda! 🎁&lt;/p&gt;&lt;/td&gt;
                     &lt;/tr&gt;
                   &lt;/table&gt;&lt;/td&gt;
                 &lt;/tr&gt;
               &lt;/table&gt;&lt;/td&gt;
             &lt;/tr&gt;
           &lt;/table&gt;&lt;/td&gt;
         &lt;/tr&gt;
       &lt;/table&gt;
       &lt;table cellpadding="0" cellspacing="0" class="es-content" align="center" style="mso-table-lspace:0pt;mso-table-rspace:0pt;border-collapse:collapse;border-spacing:0px;table-layout:fixed !important;width:100%"&gt;
         &lt;tr&gt;
          &lt;td align="center" style="padding:0;Margin:0"&gt;
           &lt;table bgcolor="#ffffff" class="es-content-body" align="center" cellpadding="0" cellspacing="0" style="mso-table-lspace:0pt;mso-table-rspace:0pt;border-collapse:collapse;border-spacing:0px;background-color:#ffffff;width:600px"&gt;
             &lt;tr&gt;
              &lt;td align="left" style="Margin:0;padding-left:20px;padding-right:20px;padding-top:30px;padding-bottom:40px"&gt;
               &lt;table cellpadding="0" cellspacing="0" width="100%" style="mso-table-lspace:0pt;mso-table-rspace:0pt;border-collapse:collapse;border-spacing:0px"&gt;
                 &lt;tr&gt;
                  &lt;td align="center" valign="top" style="padding:0;Margin:0;width:560px"&gt;
                   &lt;table cellpadding="0" cellspacing="0" width="100%" role="presentation" style="mso-table-lspace:0pt;mso-table-rspace:0pt;border-collapse:collapse;border-spacing:0px"&gt;
                     &lt;tr&gt;
                      &lt;td align="center" style="padding:0;Margin:0;font-size:0px"&gt;&lt;img class="adapt-img" src="https://pbs.twimg.com/media/BuEQGI8IMAAlEvb?format=jpg&amp;name=small" alt style="display:block;border:0;outline:none;text-decoration:none;-ms-interpolation-mode:bicubic" width="560"&gt;&lt;/td&gt;
                     &lt;/tr&gt;
                   &lt;/table&gt;&lt;/td&gt;
                 &lt;/tr&gt;
               &lt;/table&gt;&lt;/td&gt;
             &lt;/tr&gt;
           &lt;/table&gt;&lt;/td&gt;
         &lt;/tr&gt;
       &lt;/table&gt;
       &lt;table cellpadding="0" cellspacing="0" class="es-content" align="center" style="mso-table-lspace:0pt;mso-table-rspace:0pt;border-collapse:collapse;border-spacing:0px;table-layout:fixed !important;width:100%"&gt;
         &lt;tr&gt;
          &lt;td class="es-info-area" align="center" style="padding:0;Margin:0"&gt;
           &lt;table class="es-content-body" align="center" cellpadding="0" cellspacing="0" style="mso-table-lspace:0pt;mso-table-rspace:0pt;border-collapse:collapse;border-spacing:0px;background-color:transparent;width:600px" bgcolor="#ffffff"&gt;
             &lt;tr&gt;
              &lt;td align="left" style="Margin:0;padding-left:20px;padding-right:20px;padding-top:30px;padding-bottom:30px"&gt;
               &lt;table cellpadding="0" cellspacing="0" width="100%" style="mso-table-lspace:0pt;mso-table-rspace:0pt;border-collapse:collapse;border-spacing:0px"&gt;
                 &lt;tr&gt;
                  &lt;td align="left" style="padding:0;Margin:0;width:560px"&gt;
                   &lt;table cellpadding="0" cellspacing="0" width="100%" style="mso-table-lspace:0pt;mso-table-rspace:0pt;border-collapse:collapse;border-spacing:0px"&gt;
                     &lt;tr&gt;
                      &lt;td align="center" style="padding:0;Margin:0;display:none"&gt;&lt;/td&gt;
                     &lt;/tr&gt;
                   &lt;/table&gt;&lt;/td&gt;
                 &lt;/tr&gt;
               &lt;/table&gt;&lt;/td&gt;
             &lt;/tr&gt;
           &lt;/table&gt;&lt;/td&gt;
         &lt;/tr&gt;
       &lt;/table&gt;&lt;/td&gt;
     &lt;/tr&gt;
   &lt;/table&gt;
  &lt;/div&gt;
 &lt;/body&gt;
&lt;/html&gt;</msg>
<status status="PASS" starttime="20221214 19:54:17.396" endtime="20221214 19:54:17.397"/>
</kw>
<kw name="Return From Keyword" library="BuiltIn">
<arg>${body}</arg>
<doc>Returns from the enclosing user keyword.</doc>
<msg timestamp="20221214 19:54:17.398" level="INFO">Returning from the enclosing user keyword.</msg>
<status status="PASS" starttime="20221214 19:54:17.398" endtime="20221214 19:54:17.398"/>
</kw>
<msg timestamp="20221214 19:54:17.398" level="INFO">${body} = &lt;!DOCTYPE html PUBLIC "-//W3C//DTD XHTML 1.0 Transitional//EN" "http://www.w3.org/TR/xhtml1/DTD/xhtml1-transitional.dtd"&gt;
&lt;html xmlns="http://www.w3.org/1999/xhtml" xmlns:o="urn:schemas-microsoft-com:...</msg>
<status status="PASS" starttime="20221214 19:54:17.392" endtime="20221214 19:54:17.399"/>
</kw>
<kw name="Send Message" library="RPA.Email.ImapSmtp">
<arg>sender=velaryones@gmail.com</arg>
<arg>html=True</arg>
<arg>recipients=${recipient['email']}</arg>
<arg>subject=${title}</arg>
<arg>body=${body}</arg>
<doc>Send SMTP email</doc>
<status status="PASS" starttime="20221214 19:54:17.399" endtime="20221214 19:54:18.788"/>
</kw>
<status status="PASS" starttime="20221214 19:54:17.391" endtime="20221214 19:54:18.788"/>
</iter>
<status status="PASS" starttime="20221214 19:54:15.848" endtime="20221214 19:54:18.788"/>
</for>
<status status="PASS" starttime="20221214 19:54:15.835" endtime="20221214 19:54:18.789"/>
</kw>
<status status="PASS" starttime="20221214 19:54:11.574" endtime="20221214 19:54:18.789"/>
</test>
<doc>Template robot main suite.</doc>
<status status="PASS" starttime="20221214 19:54:10.811" endtime="20221214 19:54:18.790"/>
</suite>
<statistics>
<total>
<stat pass="1" fail="0" skip="0">All Tasks</stat>
</total>
<tag>
</tag>
<suite>
<stat pass="1" fail="0" skip="0" id="s1" name="Tasks">Tasks</stat>
</suite>
</statistics>
<errors>
</errors>
</robot>
